{
  "RSpec": {
    "coverage": {
      "/Users/judson/Turing/2module/movie_mania_1803/config/environment.rb": [
        null,
        1,
        null,
        null,
        1
      ],
      "/Users/judson/Turing/2module/movie_mania_1803/config/application.rb": [
        1,
        null,
        1,
        null,
        1,
        1,
        1,
        1,
        1,
        1,
        1,
        1,
        null,
        null,
        null,
        null,
        1,
        null,
        1,
        1,
        null,
        1,
        null,
        null,
        null,
        null,
        null,
        null,
        1,
        null,
        null
      ],
      "/Users/judson/Turing/2module/movie_mania_1803/config/boot.rb": [
        1,
        null,
        1
      ],
      "/Users/judson/Turing/2module/movie_mania_1803/config/environments/test.rb": [
        1,
        null,
        null,
        null,
        null,
        null,
        null,
        1,
        null,
        null,
        null,
        null,
        1,
        null,
        null,
        1,
        1,
        null,
        null,
        null,
        null,
        1,
        1,
        null,
        null,
        1,
        null,
        null,
        1,
        1,
        null,
        null,
        null,
        null,
        1,
        null,
        null,
        1,
        null,
        null,
        null,
        null
      ],
      "/Users/judson/Turing/2module/movie_mania_1803/config/initializers/application_controller_renderer.rb": [
        null,
        null,
        null,
        null,
        null,
        null,
        null,
        null
      ],
      "/Users/judson/Turing/2module/movie_mania_1803/config/initializers/assets.rb": [
        null,
        null,
        null,
        1,
        null,
        null,
        null,
        null,
        1,
        null,
        null,
        null,
        null,
        null
      ],
      "/Users/judson/Turing/2module/movie_mania_1803/config/initializers/backtrace_silencers.rb": [
        null,
        null,
        null,
        null,
        null,
        null,
        null
      ],
      "/Users/judson/Turing/2module/movie_mania_1803/config/initializers/cookies_serializer.rb": [
        null,
        null,
        null,
        null,
        1
      ],
      "/Users/judson/Turing/2module/movie_mania_1803/config/initializers/filter_parameter_logging.rb": [
        null,
        null,
        null,
        1
      ],
      "/Users/judson/Turing/2module/movie_mania_1803/config/initializers/inflections.rb": [
        null,
        null,
        null,
        null,
        null,
        null,
        null,
        null,
        null,
        null,
        null,
        null,
        null,
        null,
        null,
        null
      ],
      "/Users/judson/Turing/2module/movie_mania_1803/config/initializers/mime_types.rb": [
        null,
        null,
        null,
        null
      ],
      "/Users/judson/Turing/2module/movie_mania_1803/config/initializers/wrap_parameters.rb": [
        null,
        null,
        null,
        null,
        null,
        null,
        1,
        2,
        null,
        null,
        null,
        null,
        null,
        null
      ],
      "/Users/judson/Turing/2module/movie_mania_1803/config/routes.rb": [
        1,
        null,
        1,
        1,
        1,
        1,
        null,
        1,
        1,
        null,
        1,
        1,
        null,
        null,
        1,
        null,
        1,
        1,
        null,
        null,
        1,
        null,
        1,
        null
      ],
      "/Users/judson/Turing/2module/movie_mania_1803/app/helpers/application_helper.rb": [
        1,
        null
      ],
      "/Users/judson/Turing/2module/movie_mania_1803/app/models/director.rb": [
        1,
        1,
        1,
        null
      ],
      "/Users/judson/Turing/2module/movie_mania_1803/app/models/application_record.rb": [
        1,
        1,
        null
      ],
      "/Users/judson/Turing/2module/movie_mania_1803/app/models/movie.rb": [
        1,
        1,
        1,
        1,
        1,
        1,
        null,
        1,
        null,
        1,
        1,
        null,
        null
      ],
      "/Users/judson/Turing/2module/movie_mania_1803/app/models/genre_movie.rb": [
        1,
        1,
        1,
        null
      ],
      "/Users/judson/Turing/2module/movie_mania_1803/app/models/genre.rb": [
        1,
        1,
        1,
        1,
        null
      ],
      "/Users/judson/Turing/2module/movie_mania_1803/app/controllers/movies_controller.rb": [
        1,
        null,
        1,
        0,
        null,
        null,
        1,
        0,
        0,
        null,
        null,
        1,
        0,
        0,
        0,
        null,
        null,
        1,
        1,
        1,
        null,
        null,
        1,
        null,
        1,
        0,
        null,
        null
      ],
      "/Users/judson/Turing/2module/movie_mania_1803/app/controllers/application_controller.rb": [
        1,
        1,
        1,
        null,
        1,
        null,
        1,
        1,
        null,
        null,
        1,
        1,
        1,
        0,
        null,
        null,
        null,
        1,
        0,
        null,
        null
      ],
      "/Users/judson/Turing/2module/movie_mania_1803/app/models/cart.rb": [
        1,
        1,
        null,
        1,
        1,
        null,
        null,
        1,
        1,
        null,
        null,
        1,
        0,
        0,
        null,
        0,
        null,
        null,
        null,
        1,
        0,
        null,
        null
      ]
    },
    "timestamp": 1528214144
  }
}
